<?xml version="1.0" encoding="UTF-8"?>
<Site BuildName="Darwin-clang++"
	BuildStamp="20230622-0227-Experimental"
	Name="Soons-MacBook-Air.local"
	Generator="ctest-3.25.1"
	CompilerName="/usr/bin/clang++"
	CompilerVersion="14.0.3.14030022"
	OSName="macOS"
	Hostname="Soons-MacBook-Air.local"
	OSRelease="13.4"
	OSVersion="22F66"
	OSPlatform="arm64"
	Is64Bits="1"
	VendorString="IBM"
	VendorID="IBM"
	FamilyID="16777228"
	ModelID="2"
	ProcessorCacheSize="131072"
	NumberOfLogicalCPU="8"
	NumberOfPhysicalCPU="8"
	TotalVirtualMemory="0"
	TotalPhysicalMemory="16384"
	LogicalProcessorsPerPhysical="8"
	ProcessorClockFrequency="0"
	>
	<Testing>
		<StartDateTime>Jun 22 10:28 +08</StartDateTime>
		<StartTestTime>1687400895</StartTestTime>
		<TestList/>
		<EndDateTime>Jun 22 10:28 +08</EndDateTime>
		<EndTestTime>1687400895</EndTestTime>
		<ElapsedMinutes>0</ElapsedMinutes>
	</Testing>
</Site>
